# JRE version: OpenJDK Runtime Environment (8.0_242) (build 1.8.0_242-release-1644-b3-6222593)
# Java VM: OpenJDK 64-Bit Server VM (25.242-b3-6222593 mixed mode linux-amd64 compressed oops)
Heap:
 PSYoungGen      total 410112K, used 3052K [0x00000000e0000000, 0x0000000100000000, 0x0000000100000000)
  eden space 356352K, 0% used [0x00000000e0000000,0x00000000e0000000,0x00000000f5c00000)
  from space 53760K, 5% used [0x00000000fcb80000,0x00000000fce7b338,0x0000000100000000)
  to   space 83968K, 0% used [0x00000000f5c00000,0x00000000f5c00000,0x00000000fae00000)
 ParOldGen       total 183808K, used 183336K [0x00000000a0000000, 0x00000000ab380000, 0x00000000e0000000)
  object space 183808K, 99% used [0x00000000a0000000,0x00000000ab30a278,0x00000000ab380000)
 Metaspace       used 114942K, capacity 119576K, committed 121112K, reserved 1155072K
  class space    used 14723K, capacity 15720K, committed 16176K, reserved 1048576K
GC Heap History (10 events):
Event: 4968,310 GC heap after
Heap after GC invocations=20 (full 4):
 PSYoungGen      total 263680K, used 10729K [0x00000000e0000000, 0x00000000f4e00000, 0x0000000100000000)
  eden space 252928K, 0% used [0x00000000e0000000,0x00000000e0000000,0x00000000ef700000)
  from space 10752K, 99% used [0x00000000f2600000,0x00000000f307a718,0x00000000f3080000)
  to   space 44544K, 0% used [0x00000000ef700000,0x00000000ef700000,0x00000000f2280000)
 ParOldGen       total 183808K, used 73725K [0x00000000a0000000, 0x00000000ab380000, 0x00000000e0000000)
  object space 183808K, 40% used [0x00000000a0000000,0x00000000a47ff418,0x00000000ab380000)
 Metaspace       used 96109K, capacity 99396K, committed 101656K, reserved 1136640K
  class space    used 12392K, capacity 13134K, committed 13616K, reserved 1048576K
}
Event: 5185,217 GC heap before
{Heap before GC invocations=21 (full 4):
 PSYoungGen      total 263680K, used 263657K [0x00000000e0000000, 0x00000000f4e00000, 0x0000000100000000)
  eden space 252928K, 100% used [0x00000000e0000000,0x00000000ef700000,0x00000000ef700000)
  from space 10752K, 99% used [0x00000000f2600000,0x00000000f307a718,0x00000000f3080000)
  to   space 44544K, 0% used [0x00000000ef700000,0x00000000ef700000,0x00000000f2280000)
 ParOldGen       total 183808K, used 73725K [0x00000000a0000000, 0x00000000ab380000, 0x00000000e0000000)
  object space 183808K, 40% used [0x00000000a0000000,0x00000000a47ff418,0x00000000ab380000)
 Metaspace       used 103067K, capacity 106662K, committed 108312K, reserved 1142784K
  class space    used 13239K, capacity 14041K, committed 14384K, reserved 1048576K
Event: 5210,492 GC heap after
Heap after GC invocations=21 (full 4):
 PSYoungGen      total 297472K, used 21438K [0x00000000e0000000, 0x00000000f9680000, 0x0000000100000000)
  eden space 252928K, 0% used [0x00000000e0000000,0x00000000e0000000,0x00000000ef700000)
  from space 44544K, 48% used [0x00000000ef700000,0x00000000f0befad0,0x00000000f2280000)
  to   space 43008K, 0% used [0x00000000f6c80000,0x00000000f6c80000,0x00000000f9680000)
 ParOldGen       total 183808K, used 80086K [0x00000000a0000000, 0x00000000ab380000, 0x00000000e0000000)
  object space 183808K, 43% used [0x00000000a0000000,0x00000000a4e35840,0x00000000ab380000)
 Metaspace       used 103067K, capacity 106662K, committed 108312K, reserved 1142784K
  class space    used 13239K, capacity 14041K, committed 14384K, reserved 1048576K
}
Event: 5235,935 GC heap before
{Heap before GC invocations=22 (full 4):
 PSYoungGen      total 297472K, used 274366K [0x00000000e0000000, 0x00000000f9680000, 0x0000000100000000)
  eden space 252928K, 100% used [0x00000000e0000000,0x00000000ef700000,0x00000000ef700000)
  from space 44544K, 48% used [0x00000000ef700000,0x00000000f0befad0,0x00000000f2280000)
  to   space 43008K, 0% used [0x00000000f6c80000,0x00000000f6c80000,0x00000000f9680000)
 ParOldGen       total 183808K, used 80086K [0x00000000a0000000, 0x00000000ab380000, 0x00000000e0000000)
  object space 183808K, 43% used [0x00000000a0000000,0x00000000a4e35840,0x00000000ab380000)
 Metaspace       used 105585K, capacity 109320K, committed 110744K, reserved 1144832K
  class space    used 13427K, capacity 14254K, committed 14512K, reserved 1048576K
Event: 5239,173 GC heap after
Heap after GC invocations=22 (full 4):
 PSYoungGen      total 375296K, used 15810K [0x00000000e0000000, 0x00000000f9a80000, 0x0000000100000000)
  eden space 332288K, 0% used [0x00000000e0000000,0x00000000e0000000,0x00000000f4480000)
  from space 43008K, 36% used [0x00000000f6c80000,0x00000000f7bf08b0,0x00000000f9680000)
  to   space 40960K, 0% used [0x00000000f4480000,0x00000000f4480000,0x00000000f6c80000)
 ParOldGen       total 183808K, used 95456K [0x00000000a0000000, 0x00000000ab380000, 0x00000000e0000000)
  object space 183808K, 51% used [0x00000000a0000000,0x00000000a5d38078,0x00000000ab380000)
 Metaspace       used 105585K, capacity 109320K, committed 110744K, reserved 1144832K
  class space    used 13427K, capacity 14254K, committed 14512K, reserved 1048576K
}
Event: 5252,698 GC heap before
{Heap before GC invocations=23 (full 4):
 PSYoungGen      total 375296K, used 348098K [0x00000000e0000000, 0x00000000f9a80000, 0x0000000100000000)
  eden space 332288K, 100% used [0x00000000e0000000,0x00000000f4480000,0x00000000f4480000)
  from space 43008K, 36% used [0x00000000f6c80000,0x00000000f7bf08b0,0x00000000f9680000)
  to   space 40960K, 0% used [0x00000000f4480000,0x00000000f4480000,0x00000000f6c80000)
 ParOldGen       total 183808K, used 95456K [0x00000000a0000000, 0x00000000ab380000, 0x00000000e0000000)
  object space 183808K, 51% used [0x00000000a0000000,0x00000000a5d38078,0x00000000ab380000)
 Metaspace       used 112468K, capacity 117186K, committed 117656K, reserved 1150976K
  class space    used 14571K, capacity 15633K, committed 15792K, reserved 1048576K
Event: 5256,665 GC heap after
Heap after GC invocations=23 (full 4):
 PSYoungGen      total 373248K, used 40953K [0x00000000e0000000, 0x0000000100000000, 0x0000000100000000)
  eden space 332288K, 0% used [0x00000000e0000000,0x00000000e0000000,0x00000000f4480000)
  from space 40960K, 99% used [0x00000000f4480000,0x00000000f6c7e5c8,0x00000000f6c80000)
  to   space 53760K, 0% used [0x00000000fcb80000,0x00000000fcb80000,0x0000000100000000)
 ParOldGen       total 183808K, used 113005K [0x00000000a0000000, 0x00000000ab380000, 0x00000000e0000000)
  object space 183808K, 61% used [0x00000000a0000000,0x00000000a6e5b670,0x00000000ab380000)
 Metaspace       used 112468K, capacity 117186K, committed 117656K, reserved 1150976K
  class space    used 14571K, capacity 15633K, committed 15792K, reserved 1048576K
}
Event: 5267,156 GC heap before
{Heap before GC invocations=24 (full 4):
 PSYoungGen      total 373248K, used 373241K [0x00000000e0000000, 0x0000000100000000, 0x0000000100000000)
  eden space 332288K, 100% used [0x00000000e0000000,0x00000000f4480000,0x00000000f4480000)
  from space 40960K, 99% used [0x00000000f4480000,0x00000000f6c7e5c8,0x00000000f6c80000)
  to   space 53760K, 0% used [0x00000000fcb80000,0x00000000fcb80000,0x0000000100000000)
 ParOldGen       total 183808K, used 113005K [0x00000000a0000000, 0x00000000ab380000, 0x00000000e0000000)
  object space 183808K, 61% used [0x00000000a0000000,0x00000000a6e5b670,0x00000000ab380000)
 Metaspace       used 115533K, capacity 120876K, committed 121112K, reserved 1155072K
  class space    used 14935K, capacity 16102K, committed 16176K, reserved 1048576K
Event: 5299,420 GC heap after
Heap after GC invocations=24 (full 4):
 PSYoungGen      total 410112K, used 53745K [0x00000000e0000000, 0x0000000100000000, 0x0000000100000000)
  eden space 356352K, 0% used [0x00000000e0000000,0x00000000e0000000,0x00000000f5c00000)
  from space 53760K, 99% used [0x00000000fcb80000,0x00000000ffffc650,0x0000000100000000)
  to   space 83968K, 0% used [0x00000000f5c00000,0x00000000f5c00000,0x00000000fae00000)
 ParOldGen       total 183808K, used 170552K [0x00000000a0000000, 0x00000000ab380000, 0x00000000e0000000)
  object space 183808K, 92% used [0x00000000a0000000,0x00000000aa68e158,0x00000000ab380000)
 Metaspace       used 115533K, capacity 120876K, committed 121112K, reserved 1155072K
  class space    used 14935K, capacity 16102K, committed 16176K, reserved 1048576K
}
Event: 5303,962 GC heap before
{Heap before GC invocations=25 (full 5):
 PSYoungGen      total 410112K, used 53745K [0x00000000e0000000, 0x0000000100000000, 0x0000000100000000)
  eden space 356352K, 0% used [0x00000000e0000000,0x00000000e0000000,0x00000000f5c00000)
  from space 53760K, 99% used [0x00000000fcb80000,0x00000000ffffc650,0x0000000100000000)
  to   space 83968K, 0% used [0x00000000f5c00000,0x00000000f5c00000,0x00000000fae00000)
 ParOldGen       total 183808K, used 170552K [0x00000000a0000000, 0x00000000ab380000, 0x00000000e0000000)
  object space 183808K, 92% used [0x00000000a0000000,0x00000000aa68e158,0x00000000ab380000)
 Metaspace       used 115533K, capacity 120876K, committed 121112K, reserved 1155072K
  class space    used 14935K, capacity 16102K, committed 16176K, reserved 1048576K

